SUPPORT = mkl_dfti dfti_example_support dfti_example_status_print

DFT = $(DFT_COMPLEX) $(DFT_REAL)

DFT_COMPLEX = $(DFT_COMPLEX_SINGLE) $(DFT_COMPLEX_DOUBLE)

DFT_COMPLEX_SINGLE = $(DFT_COMPLEX_1D_SINGLE) $(DFT_COMPLEX_2D_SINGLE) $(DFT_COMPLEX_3D_SINGLE)
DFT_COMPLEX_DOUBLE = $(DFT_COMPLEX_1D_DOUBLE) $(DFT_COMPLEX_2D_DOUBLE) $(DFT_COMPLEX_3D_DOUBLE)

DFT_REAL = $(DFT_REAL_SINGLE) $(DFT_REAL_DOUBLE)

DFT_REAL_SINGLE = $(DFT_REAL_1D_SINGLE) $(DFT_REAL_2D_SINGLE) $(DFT_REAL_3D_SINGLE)
DFT_REAL_DOUBLE = $(DFT_REAL_1D_DOUBLE) $(DFT_REAL_2D_DOUBLE) $(DFT_REAL_3D_DOUBLE)

DFT_COMPLEX_1D_SINGLE = 
DFT_COMPLEX_2D_SINGLE = 
DFT_COMPLEX_3D_SINGLE = 

DFT_COMPLEX_1D_DOUBLE = complex_1d_double_ex1 
DFT_COMPLEX_2D_DOUBLE = 
DFT_COMPLEX_3D_DOUBLE = 

DFT_REAL_1D_SINGLE = \

DFT_REAL_2D_SINGLE = \

DFT_REAL_3D_SINGLE = 
DFT_REAL_1D_DOUBLE = \

DFT_REAL_2D_DOUBLE = \

DFT_REAL_3D_DOUBLE = 
